# JRE version: Java(TM) SE Runtime Environment (8.0_11-b12) (build 1.8.0_11-b12)
# Java VM: Java HotSpot(TM) 64-Bit Server VM (25.11-b03 mixed mode windows-amd64 compressed oops)
Heap:
 PSYoungGen      total 11776K, used 766K [0x00000000eab00000, 0x00000000eb800000, 0x0000000100000000)
  eden space 10240K, 6% used [0x00000000eab00000,0x00000000eab9fb48,0x00000000eb500000)
  from space 1536K, 8% used [0x00000000eb680000,0x00000000eb6a0000,0x00000000eb800000)
  to   space 1536K, 0% used [0x00000000eb500000,0x00000000eb500000,0x00000000eb680000)
 ParOldGen       total 64000K, used 7571K [0x00000000c0000000, 0x00000000c3e80000, 0x00000000eab00000)
  object space 64000K, 11% used [0x00000000c0000000,0x00000000c0764e70,0x00000000c3e80000)
 Metaspace       used 17060K, capacity 17366K, committed 17536K, reserved 1064960K
  class space    used 2050K, capacity 2131K, committed 2176K, reserved 1048576K
GC Heap History (10 events):
Event: 44.153 GC heap before
{Heap before GC invocations=27 (full 1):
 PSYoungGen      total 12288K, used 10400K [0x00000000eab00000, 0x00000000eb900000, 0x0000000100000000)
  eden space 10240K, 100% used [0x00000000eab00000,0x00000000eb500000,0x00000000eb500000)
  from space 2048K, 7% used [0x00000000eb500000,0x00000000eb528000,0x00000000eb700000)
  to   space 2048K, 0% used [0x00000000eb700000,0x00000000eb700000,0x00000000eb900000)
 ParOldGen       total 64000K, used 7187K [0x00000000c0000000, 0x00000000c3e80000, 0x00000000eab00000)
  object space 64000K, 11% used [0x00000000c0000000,0x00000000c0704e70,0x00000000c3e80000)
 Metaspace       used 16992K, capacity 17350K, committed 17536K, reserved 1064960K
  class space    used 2049K, capacity 2131K, committed 2176K, reserved 1048576K
Event: 44.156 GC heap after
Heap after GC invocations=27 (full 1):
 PSYoungGen      total 11264K, used 160K [0x00000000eab00000, 0x00000000eb800000, 0x0000000100000000)
  eden space 10240K, 0% used [0x00000000eab00000,0x00000000eab00000,0x00000000eb500000)
  from space 1024K, 15% used [0x00000000eb700000,0x00000000eb728000,0x00000000eb800000)
  to   space 1536K, 0% used [0x00000000eb500000,0x00000000eb500000,0x00000000eb680000)
 ParOldGen       total 64000K, used 7259K [0x00000000c0000000, 0x00000000c3e80000, 0x00000000eab00000)
  object space 64000K, 11% used [0x00000000c0000000,0x00000000c0716e70,0x00000000c3e80000)
 Metaspace       used 16992K, capacity 17350K, committed 17536K, reserved 1064960K
  class space    used 2049K, capacity 2131K, committed 2176K, reserved 1048576K
}
Event: 50.012 GC heap before
{Heap before GC invocations=28 (full 1):
 PSYoungGen      total 11264K, used 10400K [0x00000000eab00000, 0x00000000eb800000, 0x0000000100000000)
  eden space 10240K, 100% used [0x00000000eab00000,0x00000000eb500000,0x00000000eb500000)
  from space 1024K, 15% used [0x00000000eb700000,0x00000000eb728000,0x00000000eb800000)
  to   space 1536K, 0% used [0x00000000eb500000,0x00000000eb500000,0x00000000eb680000)
 ParOldGen       total 64000K, used 7259K [0x00000000c0000000, 0x00000000c3e80000, 0x00000000eab00000)
  object space 64000K, 11% used [0x00000000c0000000,0x00000000c0716e70,0x00000000c3e80000)
 Metaspace       used 16999K, capacity 17358K, committed 17536K, reserved 1064960K
  class space    used 2049K, capacity 2131K, committed 2176K, reserved 1048576K
Event: 50.013 GC heap after
Heap after GC invocations=28 (full 1):
 PSYoungGen      total 11776K, used 128K [0x00000000eab00000, 0x00000000eb800000, 0x0000000100000000)
  eden space 10240K, 0% used [0x00000000eab00000,0x00000000eab00000,0x00000000eb500000)
  from space 1536K, 8% used [0x00000000eb500000,0x00000000eb520000,0x00000000eb680000)
  to   space 1536K, 0% used [0x00000000eb680000,0x00000000eb680000,0x00000000eb800000)
 ParOldGen       total 64000K, used 7331K [0x00000000c0000000, 0x00000000c3e80000, 0x00000000eab00000)
  object space 64000K, 11% used [0x00000000c0000000,0x00000000c0728e70,0x00000000c3e80000)
 Metaspace       used 16999K, capacity 17358K, committed 17536K, reserved 1064960K
  class space    used 2049K, capacity 2131K, committed 2176K, reserved 1048576K
}
Event: 54.782 GC heap before
{Heap before GC invocations=29 (full 1):
 PSYoungGen      total 11776K, used 10368K [0x00000000eab00000, 0x00000000eb800000, 0x0000000100000000)
  eden space 10240K, 100% used [0x00000000eab00000,0x00000000eb500000,0x00000000eb500000)
  from space 1536K, 8% used [0x00000000eb500000,0x00000000eb520000,0x00000000eb680000)
  to   space 1536K, 0% used [0x00000000eb680000,0x00000000eb680000,0x00000000eb800000)
 ParOldGen       total 64000K, used 7331K [0x00000000c0000000, 0x00000000c3e80000, 0x00000000eab00000)
  object space 64000K, 11% used [0x00000000c0000000,0x00000000c0728e70,0x00000000c3e80000)
 Metaspace       used 17007K, capacity 17358K, committed 17536K, reserved 1064960K
  class space    used 2049K, capacity 2131K, committed 2176K, reserved 1048576K
Event: 54.783 GC heap after
Heap after GC invocations=29 (full 1):
 PSYoungGen      total 11776K, used 128K [0x00000000eab00000, 0x00000000eb800000, 0x0000000100000000)
  eden space 10240K, 0% used [0x00000000eab00000,0x00000000eab00000,0x00000000eb500000)
  from space 1536K, 8% used [0x00000000eb680000,0x00000000eb6a0000,0x00000000eb800000)
  to   space 1536K, 0% used [0x00000000eb500000,0x00000000eb500000,0x00000000eb680000)
 ParOldGen       total 64000K, used 7419K [0x00000000c0000000, 0x00000000c3e80000, 0x00000000eab00000)
  object space 64000K, 11% used [0x00000000c0000000,0x00000000c073ee70,0x00000000c3e80000)
 Metaspace       used 17007K, capacity 17358K, committed 17536K, reserved 1064960K
  class space    used 2049K, capacity 2131K, committed 2176K, reserved 1048576K
}
Event: 77.157 GC heap before
{Heap before GC invocations=30 (full 1):
 PSYoungGen      total 11776K, used 10368K [0x00000000eab00000, 0x00000000eb800000, 0x0000000100000000)
  eden space 10240K, 100% used [0x00000000eab00000,0x00000000eb500000,0x00000000eb500000)
  from space 1536K, 8% used [0x00000000eb680000,0x00000000eb6a0000,0x00000000eb800000)
  to   space 1536K, 0% used [0x00000000eb500000,0x00000000eb500000,0x00000000eb680000)
 ParOldGen       total 64000K, used 7419K [0x00000000c0000000, 0x00000000c3e80000, 0x00000000eab00000)
  object space 64000K, 11% used [0x00000000c0000000,0x00000000c073ee70,0x00000000c3e80000)
 Metaspace       used 17041K, capacity 17366K, committed 17536K, reserved 1064960K
  class space    used 2049K, capacity 2131K, committed 2176K, reserved 1048576K
Event: 77.158 GC heap after
Heap after GC invocations=30 (full 1):
 PSYoungGen      total 11776K, used 192K [0x00000000eab00000, 0x00000000eb800000, 0x0000000100000000)
  eden space 10240K, 0% used [0x00000000eab00000,0x00000000eab00000,0x00000000eb500000)
  from space 1536K, 12% used [0x00000000eb500000,0x00000000eb530000,0x00000000eb680000)
  to   space 1536K, 0% used [0x00000000eb680000,0x00000000eb680000,0x00000000eb800000)
 ParOldGen       total 64000K, used 7491K [0x00000000c0000000, 0x00000000c3e80000, 0x00000000eab00000)
  object space 64000K, 11% used [0x00000000c0000000,0x00000000c0750e70,0x00000000c3e80000)
 Metaspace       used 17041K, capacity 17366K, committed 17536K, reserved 1064960K
  class space    used 2049K, capacity 2131K, committed 2176K, reserved 1048576K
}
Event: 138.156 GC heap before
{Heap before GC invocations=31 (full 1):
 PSYoungGen      total 11776K, used 10432K [0x00000000eab00000, 0x00000000eb800000, 0x0000000100000000)
  eden space 10240K, 100% used [0x00000000eab00000,0x00000000eb500000,0x00000000eb500000)
  from space 1536K, 12% used [0x00000000eb500000,0x00000000eb530000,0x00000000eb680000)
  to   space 1536K, 0% used [0x00000000eb680000,0x00000000eb680000,0x00000000eb800000)
 ParOldGen       total 64000K, used 7491K [0x00000000c0000000, 0x00000000c3e80000, 0x00000000eab00000)
  object space 64000K, 11% used [0x00000000c0000000,0x00000000c0750e70,0x00000000c3e80000)
 Metaspace       used 17044K, capacity 17366K, committed 17536K, reserved 1064960K
  class space    used 2050K, capacity 2131K, committed 2176K, reserved 1048576K
Event: 138.158 GC heap after
Heap after GC invocations=31 (full 1):
 PSYoungGen      total 11776K, used 128K [0x00000000eab00000, 0x00000000eb800000, 0x0000000100000000)
  eden space 10240K, 0% used [0x00000000eab00000,0x00000000eab00000,0x00000000eb500000)
  from space 1536K, 8% used [0x00000000eb680000,0x00000000eb6a0000,0x00000000eb800000)
  to   space 1536K, 0% used [0x00000000eb500000,0x00000000eb500000,0x00000000eb680000)
 ParOldGen       total 64000K, used 7571K [0x00000000c0000000, 0x00000000c3e80000, 0x00000000eab00000)
  object space 64000K, 11% used [0x00000000c0000000,0x00000000c0764e70,0x00000000c3e80000)
 Metaspace       used 17044K, capacity 17366K, committed 17536K, reserved 1064960K
  class space    used 2050K, capacity 2131K, committed 2176K, reserved 1048576K
}

